<?xml version="1.0" encoding="UTF-8"?>
<testsuite xmlns:xsi="http://www.w3.org/2001/XMLSchema-instance" xsi:noNamespaceSchemaLocation="https://maven.apache.org/surefire/maven-surefire-plugin/xsd/surefire-test-report-3.0.xsd" version="3.0" name="org.example.ConversorMonedasTest" time="3.066" tests="4" errors="0" skipped="0" failures="0">
  <properties>
[...]
</properties>
  <testcase name="testConversionPesoArgentinoADolar" classname="org.example.ConversorMonedasTest" time="1.465"/>
  <testcase name="testMonedaOrigenIgualDestino" classname="org.example.ConversorMonedasTest" time="0.88"/>
  <testcase name="testConversionDolarAPesoArgentino" classname="org.example.ConversorMonedasTest" time="0.699"/>
  <testcase name="testMonedaInvalida" classname="org.example.ConversorMonedasTest" time="0.002"/>
</testsuite>